<?xml version="1.0" encoding="UTF-8"?>
<testng-results ignored="0" total="1" passed="1" failed="0" skipped="0">
  <reporter-output>
  </reporter-output>
  <suite started-at="2023-12-07T15:03:16 IST" name="Default suite" finished-at="2023-12-07T15:05:04 IST" duration-ms="108251">
    <groups>
    </groups>
    <test started-at="2023-12-07T15:03:16 IST" name="Default test" finished-at="2023-12-07T15:05:04 IST" duration-ms="108251">
      <class name="testng.NewTest">
        <test-method is-config="true" signature="starttest()[pri:0, instance:testng.NewTest@22635ba0]" started-at="2023-12-07T15:03:15 IST" name="starttest" finished-at="2023-12-07T15:03:16 IST" duration-ms="185" status="PASS">
          <reporter-output>
          </reporter-output>
        </test-method> <!-- starttest -->
        <test-method signature="test2()[pri:0, instance:testng.NewTest@22635ba0]" started-at="2023-12-07T15:03:16 IST" name="test2" finished-at="2023-12-07T15:05:04 IST" duration-ms="108217" status="PASS">
          <reporter-output>
          </reporter-output>
        </test-method> <!-- test2 -->
        <test-method is-config="true" signature="endtest()[pri:0, instance:testng.NewTest@22635ba0]" started-at="2023-12-07T15:05:04 IST" name="endtest" finished-at="2023-12-07T15:05:04 IST" duration-ms="341" status="PASS">
          <reporter-output>
          </reporter-output>
        </test-method> <!-- endtest -->
      </class> <!-- testng.NewTest -->
    </test> <!-- Default test -->
  </suite> <!-- Default suite -->
</testng-results>
